[+   0ms] userAppInit start
[+  12ms] SetBoostMode done
[+  18ms] mode: application
[+  23ms] calling appletLockExit
[+  28ms] calling socketInitialize
[+  41ms] calling plInitialize
[+  47ms] calling nifmInitialize
[+  52ms] calling accountInitialize
[+  58ms] calling optional services
[+  64ms] userAppInit done
[+  69ms] global-ctors running
[+  74ms] main start
[+  80ms] making App
[+  85ms] App ctor start
[+  90ms] App ctor: creating FsNativeSd
[+  95ms] App ctor: loading config ini
[+ 114ms] App ctor: starting async_init thread
[Async] ctor: start
[Async] ctor: calling CreateThread
[Async] ctor: calling threadStart
[Async] ctor: done, thread started
[+ 141ms] App ctor: i18n init
[+ 211ms] async: before svcCallSecureMonitor
[+ 227ms] async: after svcCallSecureMonitor
[+ 232ms] async: devoptab::FixDkpBug
[+ 242ms] App ctor: dk::DeviceMaker create
[+ 250ms] App ctor: dk::QueueMaker create
[+ 261ms] App ctor: creating memory pools
[+ 270ms] App ctor: creating cmdbuf + framebuffers
[+ 283ms] App ctor: creating renderer + nvg
[+ 306ms] App ctor: nvg/deko3d done
[+ 325ms] App ctor: font init [build-v5]
[+ 331ms] font: plGetSharedFontByType Standard
[+ 454ms] async: usbdvd::MountAll
[+ 460ms] async: usbdvd done
[+ 465ms] async: curl::Init
[+ 471ms] font: plGetSharedFontByType NintendoExt
[+ 477ms] font std: rc=0x0 addr=0x6de3af3008 size=2053628
[+ 482ms] font ext: rc=0x0 addr=0x6de4b6d7c4 size=180236
[+ 487ms] font: nvgCreateFontMem Standard
[+ 492ms] font: calloc ok
[+ 498ms] font: memcpy done
[+ 504ms] font[0..7]: 00 01 00 00 00 0f 00 80
[+ 516ms] font: calling nvgCreateFontMem
[+ 528ms] font: Standard result=0
[+ 535ms] font: nvgCreateFontMem Extended
[+ 544ms] font: Extended result=1
[+ 555ms] font: loading lang fonts
[+ 686ms] async: game/fatfs/mounts
[+ 748ms] async: HID init
[+ 762ms] async: done
[+ 775ms] App ctor: font init done
[+ 787ms] App ctor: applet hook init
[+ 798ms] App ctor: load default image
[+ 810ms] App ctor: audio init
[+ 841ms] App ctor: theme init
[+ 926ms] App ctor done
[+ 937ms] pushing MainMenu
[MainMenu] ctor: start
[MainMenu] ctor: creating center menu
[game_menu] ctor: start
[game_menu] ctor: OnLayoutChange
[titledb] DownloadIfNeeded called
[title] ThreadFunc: start
[titledb] file found: size=82255668 bytes, mtime=1774385173, now=1774413950, age=0 days
[title] ThreadFunc: calling nxtcInitialize
[titledb] cache is fresh, launching background parse
[Async] ctor: start
[Async] ctor: calling CreateThread
[Async] ctor: calling threadStart
[Async] ctor: done, thread started
[titledb] DoParse: thread started
[titledb] background parse thread created ok (attempt 1)
[titledb] file size before parse: 82255668 bytes
[game_menu] ctor: done
[MainMenu] ctor: creating left menu (center=Games)
[MainMenu] ctor: creating right menu (left=FileBrowser)
[MainMenu] ctor: done
[game_menu] OnFocusGained: start
[game_menu] OnFocusGained: setting START action
[game_menu] OnFocusGained: entries empty=1, calling ScanHomebrew
[game_menu] ScanHomebrew: start
[game_menu] ScanHomebrew: boost mode set, scanning ns records
[titledb] JSON parsed into DOM successfully
[titledb] root object has 34276 entries
[titledb] sample[0]: nsuId_key="70010000000025" is_obj=1
[titledb] sample[0] id field: found=1 val="01007EF00011E000"
[title] ThreadFunc: nxtcInitialize OK
[titledb] sample[0] numberOfPlayers: found=1 type=4  rating: found=1 type=4
[title] ThreadFunc: entering run loop
[titledb] sample[1]: nsuId_key="70010000000041" is_obj=1
[titledb] sample[1] id field: found=1 val="0100225000FEE000"
[titledb] sample[1] numberOfPlayers: found=1 type=4  rating: found=1 type=4
[titledb] sample[2]: nsuId_key="70010000000046" is_obj=1
[titledb] sample[2] id field: found=1 val="0100BCE000598000"
[titledb] sample[2] numberOfPlayers: found=1 type=4  rating: found=1 type=4
[game_menu] ScanHomebrew: found 436 games, building indices
[game_menu] BuildFilterIndices: total=436 | 1p=0 2p=0 2p+=0 p_unk=436 | E=0 E10=0 T=0 M=0 r_unk=436 | titledb_ready=0
[titledb] loop done: map_size=27857 skipped_bad_id=6274
[titledb] ready — 27857 title IDs loaded
[game_menu] OnFocusGained: done
[+5580ms] entering Loop
[game_menu] titledb became ready, rebuilding filter indices (436 entries)
[game_menu] BuildFilterIndices: total=436 | 1p=175 2p=102 2p+=140 p_unk=19 | E=155 E10=136 T=103 M=25 r_unk=17 | titledb_ready=1
[game_menu] START pressed: is_search=0 term=""
[game_menu] swkbd cancelled
[+17947ms] Loop returned - clean exit
[title] ThreadFunc: exiting
[Async] ctor: start
[Async] ctor: calling CreateThread
[Async] ctor: calling threadStart
[Async] ctor: done, thread started
[+   0ms] userAppInit start
[+   8ms] SetBoostMode done
[+  15ms] mode: application
[+  20ms] calling appletLockExit
[+  26ms] calling socketInitialize
[+  39ms] calling plInitialize
[+  45ms] calling nifmInitialize
[+  51ms] calling accountInitialize
[+  57ms] calling optional services
[+  63ms] userAppInit done
[+  69ms] global-ctors running
[+  74ms] main start
[+  80ms] making App
[+  85ms] App ctor start
[+  91ms] App ctor: creating FsNativeSd
[+  96ms] App ctor: loading config ini
[+ 117ms] App ctor: starting async_init thread
[Async] ctor: start
[Async] ctor: calling CreateThread
[Async] ctor: calling threadStart
[Async] ctor: done, thread started
[+ 145ms] App ctor: i18n init
[+ 208ms] async: before svcCallSecureMonitor
[+ 226ms] async: after svcCallSecureMonitor
[+ 232ms] async: devoptab::FixDkpBug
[+ 247ms] App ctor: nvg/deko3d init
[+ 258ms] App ctor: dk::DeviceMaker create
[+ 270ms] App ctor: dk::QueueMaker create
[+ 282ms] App ctor: creating memory pools
[+ 294ms] App ctor: creating cmdbuf + framebuffers
[+ 307ms] App ctor: creating renderer + nvg
[+ 330ms] App ctor: nvg/deko3d done
[+ 346ms] App ctor: font init [build-v5]
[+ 352ms] font: plGetSharedFontByType Standard
[+ 466ms] async: usbdvd::MountAll
[+ 471ms] async: usbdvd done
[+ 477ms] async: curl::Init
[+ 483ms] font: plGetSharedFontByType NintendoExt
[+ 490ms] font std: rc=0x0 addr=0x4b01961008 size=2053628
[+ 495ms] font ext: rc=0x0 addr=0x4b029db7c4 size=180236
[+ 501ms] font: nvgCreateFontMem Standard
[+ 506ms] font: calloc ok
[+ 512ms] font: memcpy done
[+ 523ms] font[0..7]: 00 01 00 00 00 0f 00 80
[+ 532ms] async: devoptab mounts
[+ 543ms] font: Standard result=0
[+ 559ms] font: nvgCreateFontMem Extended
[+ 565ms] font: Extended result=1
[+ 570ms] font: loading lang fonts
[+ 701ms] async: game/fatfs/mounts
[+ 767ms] async: HID init
[+ 778ms] async: done
[+ 791ms] App ctor: font init done
[+ 803ms] App ctor: applet hook init
[+ 815ms] App ctor: load default image
[+ 829ms] App ctor: audio init
[+ 859ms] App ctor: theme init
[+ 944ms] App ctor done
[+ 955ms] pushing MainMenu
[MainMenu] ctor: start
[MainMenu] ctor: creating center menu
[game_menu] ctor: start
[game_menu] ctor: OnLayoutChange
[titledb] DownloadIfNeeded called
[title] ThreadFunc: start
[titledb] file found: size=82255668 bytes, mtime=1774385173, now=1774413972, age=0 days
[title] ThreadFunc: calling nxtcInitialize
[titledb] cache is fresh, launching background parse
[Async] ctor: start
[Async] ctor: calling CreateThread
[CreateThread] threadCreate FAILED rc=0xD401 stack=131072
[Async] ctor: CreateThread FAILED rc=0xD401 module=1 desc=106
[titledb] background parse thread failed (attempt 1), retrying...
[+   0ms] userAppInit start
[+   8ms] SetBoostMode done
[+  15ms] mode: application
[+  20ms] calling appletLockExit
[+  25ms] calling socketInitialize
[+  39ms] calling plInitialize
[+  45ms] calling nifmInitialize
[+  51ms] calling accountInitialize
[+  57ms] calling optional services
[+  63ms] userAppInit done
[+  68ms] global-ctors running
[+  74ms] main start
[+  80ms] making App
[+  84ms] App ctor start
[+  89ms] App ctor: creating FsNativeSd
[+  94ms] App ctor: loading config ini
[+ 115ms] App ctor: starting async_init thread
[Async] ctor: start
[Async] ctor: calling CreateThread
[Async] ctor: calling threadStart
[Async] ctor: done, thread started
[+ 140ms] App ctor: i18n init
[+ 209ms] async: before svcCallSecureMonitor
[+ 225ms] async: after svcCallSecureMonitor
[+ 230ms] async: devoptab::FixDkpBug
[+ 239ms] App ctor: dk::DeviceMaker create
[+ 246ms] App ctor: dk::QueueMaker create
[+ 257ms] App ctor: creating memory pools
[+ 266ms] App ctor: creating cmdbuf + framebuffers
[+ 280ms] App ctor: creating renderer + nvg
[+ 303ms] App ctor: nvg/deko3d done
[+ 323ms] App ctor: font init [build-v5]
[+ 329ms] font: plGetSharedFontByType Standard
[+ 454ms] async: usbdvd::MountAll
[+ 460ms] async: usbdvd done
[+ 466ms] async: curl::Init
[+ 472ms] font: plGetSharedFontByType NintendoExt
[+ 478ms] font std: rc=0x0 addr=0x24572fd008 size=2053628
[+ 484ms] font ext: rc=0x0 addr=0x24583777c4 size=180236
[+ 489ms] font: nvgCreateFontMem Standard
[+ 495ms] font: calloc ok
[+ 502ms] font: memcpy done
[+ 508ms] font[0..7]: 00 01 00 00 00 0f 00 80
[+ 521ms] font: calling nvgCreateFontMem
[+ 533ms] font: Standard result=0
[+ 549ms] font: nvgCreateFontMem Extended
[+ 555ms] font: Extended result=1
[+ 565ms] font: loading lang fonts
[+ 692ms] async: game/fatfs/mounts
[+ 755ms] async: HID init
[+ 767ms] async: done
[+ 780ms] App ctor: font init done
[+ 792ms] App ctor: applet hook init
[+ 803ms] App ctor: load default image
[+ 816ms] App ctor: audio init
[+ 848ms] App ctor: theme init
[+ 934ms] App ctor done
[+ 945ms] pushing MainMenu
[MainMenu] ctor: start
[MainMenu] ctor: creating center menu
[game_menu] ctor: start
[game_menu] ctor: OnLayoutChange
[titledb] DownloadIfNeeded called
[title] ThreadFunc: start
[titledb] file found: size=82255668 bytes, mtime=1774385173, now=1774415752, age=0 days
[title] ThreadFunc: calling nxtcInitialize
[titledb] cache is fresh, launching background parse
[Async] ctor: start
[Async] ctor: calling CreateThread
[Async] ctor: calling threadStart
[Async] ctor: done, thread started
[titledb] DoParse: thread started
[titledb] background parse thread created ok (attempt 1)
[titledb] file size before parse: 82255668 bytes
[game_menu] ctor: done
[MainMenu] ctor: creating left menu (center=Games)
[MainMenu] ctor: creating right menu (left=FileBrowser)
[MainMenu] ctor: done
[game_menu] OnFocusGained: start
[game_menu] OnFocusGained: setting START action
[game_menu] OnFocusGained: entries empty=1, calling ScanHomebrew
[game_menu] ScanHomebrew: start
[game_menu] ScanHomebrew: boost mode set, scanning ns records
[titledb] JSON parsed into DOM successfully
[titledb] root object has 34276 entries
[titledb] sample[0]: nsuId_key="70010000000025" is_obj=1
[titledb] sample[0] id field: found=1 val="01007EF00011E000"
[title] ThreadFunc: nxtcInitialize OK
[titledb] sample[0] numberOfPlayers: found=1 type=4  rating: found=1 type=4
[title] ThreadFunc: entering run loop
[titledb] sample[1]: nsuId_key="70010000000041" is_obj=1
[titledb] sample[1] id field: found=1 val="0100225000FEE000"
[titledb] sample[1] numberOfPlayers: found=1 type=4  rating: found=1 type=4
[titledb] sample[2]: nsuId_key="70010000000046" is_obj=1
[titledb] sample[2] id field: found=1 val="0100BCE000598000"
[titledb] sample[2] numberOfPlayers: found=1 type=4  rating: found=1 type=4
[game_menu] ScanHomebrew: found 436 games, building indices
[game_menu] BuildFilterIndices: total=436 | 1p=0 2p=0 2p+=0 p_unk=436 | E=0 E10=0 T=0 M=0 r_unk=436 | titledb_ready=0
[titledb] loop done: map_size=27857 skipped_bad_id=6274
[titledb] ready — 27857 title IDs loaded
[game_menu] OnFocusGained: done
[+5586ms] entering Loop
[game_menu] titledb became ready, rebuilding filter indices (436 entries)
[game_menu] BuildFilterIndices: total=436 | 1p=175 2p=102 2p+=140 p_unk=19 | E=155 E10=136 T=103 M=25 r_unk=17 | titledb_ready=1
[game_menu] START pressed: is_search=0 term=""
[game_menu] swkbd cancelled
[game_menu] START pressed: is_search=0 term=""
[game_menu] swkbd cancelled
[+122006ms] Loop returned - clean exit
[title] ThreadFunc: exiting
[Async] ctor: start
[Async] ctor: calling CreateThread
[Async] ctor: calling threadStart
[Async] ctor: done, thread started
[+   0ms] userAppInit start
[+   7ms] SetBoostMode done
[+  12ms] mode: application
[+  17ms] calling appletLockExit
[+  22ms] calling socketInitialize
[+  34ms] calling plInitialize
[+  39ms] calling nifmInitialize
[+  44ms] calling accountInitialize
[+  49ms] calling optional services
[+  55ms] userAppInit done
[+  61ms] global-ctors running
[+  66ms] main start
[+  72ms] making App
[+  77ms] App ctor start
[+  82ms] App ctor: creating FsNativeSd
[+  88ms] App ctor: loading config ini
[+ 109ms] App ctor: starting async_init thread
[Async] ctor: start
[Async] ctor: calling CreateThread
[Async] ctor: calling threadStart
[Async] ctor: done, thread started
[+ 137ms] App ctor: i18n init
[+ 200ms] async: before svcCallSecureMonitor
[+ 218ms] async: after svcCallSecureMonitor
[+ 225ms] async: devoptab::FixDkpBug
[+ 239ms] App ctor: nvg/deko3d init
[+ 250ms] App ctor: dk::DeviceMaker create
[+ 262ms] App ctor: dk::QueueMaker create
[+ 274ms] App ctor: creating memory pools
[+ 283ms] App ctor: creating cmdbuf + framebuffers
[+ 297ms] App ctor: creating renderer + nvg
[+ 323ms] App ctor: nvg/deko3d done
[+ 339ms] App ctor: font init [build-v5]
[+ 345ms] font: plGetSharedFontByType Standard
[+ 462ms] async: usbdvd::MountAll
[+ 468ms] async: usbdvd done
[+ 473ms] async: curl::Init
[+ 480ms] font: plGetSharedFontByType NintendoExt
[+ 486ms] font std: rc=0x0 addr=0x4709843008 size=2053628
[+ 491ms] font ext: rc=0x0 addr=0x470a8bd7c4 size=180236
[+ 497ms] font: nvgCreateFontMem Standard
[+ 502ms] font: calloc ok
[+ 514ms] font: memcpy done
[+ 524ms] font[0..7]: 00 01 00 00 00 0f 00 80
[+ 536ms] font: calling nvgCreateFontMem
[+ 546ms] font: Standard result=0
[+ 557ms] font: nvgCreateFontMem Extended
[+ 563ms] font: Extended result=1
[+ 569ms] font: loading lang fonts
[+ 699ms] async: game/fatfs/mounts
[+ 762ms] async: HID init
[+ 774ms] async: done
[+ 787ms] App ctor: font init done
[+ 799ms] App ctor: applet hook init
[+ 810ms] App ctor: load default image
[+ 824ms] App ctor: audio init
[+ 854ms] App ctor: theme init
[+ 942ms] App ctor done
[+ 953ms] pushing MainMenu
[MainMenu] ctor: start
[MainMenu] ctor: creating center menu
[game_menu] ctor: start
[game_menu] ctor: OnLayoutChange
[titledb] DownloadIfNeeded called
[title] ThreadFunc: start
[titledb] file found: size=82255668 bytes, mtime=1774385173, now=1774415877, age=0 days
[title] ThreadFunc: calling nxtcInitialize
[titledb] cache is fresh, launching background parse
[Async] ctor: start
[Async] ctor: calling CreateThread
